0 info it worked if it ends with ok
1 verbose cli [ '/usr/bin/node', '/usr/bin/npm', 'run', 'lite' ]
2 info using npm@3.8.3
3 info using node@v5.9.1
4 verbose run-script [ 'prelite', 'lite', 'postlite' ]
5 info lifecycle factorio-recipes@1.0.0~prelite: factorio-recipes@1.0.0
6 silly lifecycle factorio-recipes@1.0.0~prelite: no script for prelite, continuing
7 info lifecycle factorio-recipes@1.0.0~lite: factorio-recipes@1.0.0
8 verbose lifecycle factorio-recipes@1.0.0~lite: unsafe-perm in lifecycle true
9 verbose lifecycle factorio-recipes@1.0.0~lite: PATH: /usr/lib/node_modules/npm/bin/node-gyp-bin:/home/willemjan/opensource/github.com/wjzijderveld/factorio-recipes/node_modules/.bin:/usr/bin:/usr/lib/node_modules/npm/bin/node-gyp-bin:/home/willemjan/opensource/github.com/wjzijderveld/factorio-recipes/node_modules/.bin:/usr/bin:/usr/local/heroku/bin:/home/willemjan/.gvm/pkgsets/go1.3.1/global/bin:/home/willemjan/.gvm/gos/go1.3.1/bin:/home/willemjan/.gvm/pkgsets/go1.3.1/global/overlay/bin:/home/willemjan/.gvm/bin:/home/willemjan/.gvm/bin:~/go/bin:/usr/local/sbin:/usr/local/bin:/usr/bin:/opt/android-sdk/platform-tools:/opt/android-sdk/tools:/opt/depot-tools-git:/usr/lib/jvm/default/bin:/usr/bin/site_perl:/usr/bin/vendor_perl:/usr/bin/core_perl:/home/willemjan/bin:~/.npm-packages/bin:/home/willemjan/.gem/ruby/2.1.0/bin:/home/willemjan/.gem/ruby/2.2.0/bin:~/Downloads/sbt/bin:/home/willemjan/go/bin:~/.composer/vendor/bin:/opt/openresty/bin/:/opt/openresty/nginx/sbin/
10 verbose lifecycle factorio-recipes@1.0.0~lite: CWD: /home/willemjan/opensource/github.com/wjzijderveld/factorio-recipes
11 silly lifecycle factorio-recipes@1.0.0~lite: Args: [ '-c', 'lite-server' ]
12 silly lifecycle factorio-recipes@1.0.0~lite: Returned: code: 1  signal: null
13 info lifecycle factorio-recipes@1.0.0~lite: Failed to exec lite script
14 verbose stack Error: factorio-recipes@1.0.0 lite: `lite-server`
14 verbose stack Exit status 1
14 verbose stack     at EventEmitter.<anonymous> (/usr/lib/node_modules/npm/lib/utils/lifecycle.js:239:16)
14 verbose stack     at emitTwo (events.js:100:13)
14 verbose stack     at EventEmitter.emit (events.js:185:7)
14 verbose stack     at ChildProcess.<anonymous> (/usr/lib/node_modules/npm/lib/utils/spawn.js:24:14)
14 verbose stack     at emitTwo (events.js:100:13)
14 verbose stack     at ChildProcess.emit (events.js:185:7)
14 verbose stack     at maybeClose (internal/child_process.js:850:16)
14 verbose stack     at Process.ChildProcess._handle.onexit (internal/child_process.js:215:5)
15 verbose pkgid factorio-recipes@1.0.0
16 verbose cwd /home/willemjan/opensource/github.com/wjzijderveld/factorio-recipes
17 error Linux 4.4.5-1-ARCH
18 error argv "/usr/bin/node" "/usr/bin/npm" "run" "lite"
19 error node v5.9.1
20 error npm  v3.8.3
21 error code ELIFECYCLE
22 error factorio-recipes@1.0.0 lite: `lite-server`
22 error Exit status 1
23 error Failed at the factorio-recipes@1.0.0 lite script 'lite-server'.
23 error Make sure you have the latest version of node.js and npm installed.
23 error If you do, this is most likely a problem with the factorio-recipes package,
23 error not with npm itself.
23 error Tell the author that this fails on your system:
23 error     lite-server
23 error You can get information on how to open an issue for this project with:
23 error     npm bugs factorio-recipes
23 error Or if that isn't available, you can get their info via:
23 error     npm owner ls factorio-recipes
23 error There is likely additional logging output above.
24 verbose exit [ 1, true ]
